0 info it worked if it ends with ok
1 verbose cli [ '/usr/local/bin/node', '/usr/local/bin/npm', 'publish' ]
2 info using npm@3.10.10
3 info using node@v7.2.1
4 verbose publish [ '.' ]
5 silly cache add args [ '.', null ]
6 verbose cache add spec .
7 silly cache add parsed spec Result {
7 silly cache add   raw: '.',
7 silly cache add   scope: null,
7 silly cache add   escapedName: null,
7 silly cache add   name: null,
7 silly cache add   rawSpec: '.',
7 silly cache add   spec: '/Users/xiaoshuang/xiaoshuang/code/create-react-file',
7 silly cache add   type: 'directory' }
8 verbose addLocalDirectory /Users/xiaoshuang/.npm/create-react-file/1.0.0/package.tgz not in flight; packing
9 verbose correctMkdir /Users/xiaoshuang/.npm correctMkdir not in flight; initializing
10 info lifecycle create-react-file@1.0.0~prepublish: create-react-file@1.0.0
11 silly lifecycle create-react-file@1.0.0~prepublish: no script for prepublish, continuing
12 verbose tar pack [ '/Users/xiaoshuang/.npm/create-react-file/1.0.0/package.tgz',
12 verbose tar pack   '/Users/xiaoshuang/xiaoshuang/code/create-react-file' ]
13 verbose tarball /Users/xiaoshuang/.npm/create-react-file/1.0.0/package.tgz
14 verbose folder /Users/xiaoshuang/xiaoshuang/code/create-react-file
15 verbose addLocalTarball adding from inside cache /Users/xiaoshuang/.npm/create-react-file/1.0.0/package.tgz
16 verbose correctMkdir /Users/xiaoshuang/.npm correctMkdir not in flight; initializing
17 silly cache afterAdd create-react-file@1.0.0
18 verbose afterAdd /Users/xiaoshuang/.npm/create-react-file/1.0.0/package/package.json not in flight; writing
19 verbose correctMkdir /Users/xiaoshuang/.npm correctMkdir not in flight; initializing
20 verbose afterAdd /Users/xiaoshuang/.npm/create-react-file/1.0.0/package/package.json written
21 silly publish { name: 'create-react-file',
21 silly publish   version: '1.0.0',
21 silly publish   description: 'Use comman line to create component or something else',
21 silly publish   main: 'index.js',
21 silly publish   scripts: { test: 'node ./index Test' },
21 silly publish   repository:
21 silly publish    { type: 'git',
21 silly publish      url: 'git+https://github.com/xiaoshuangLi/create-react-file.git' },
21 silly publish   author: { name: 'Xiaoshuang Li' },
21 silly publish   license: 'ISC',
21 silly publish   bugs: { url: 'https://github.com/xiaoshuangLi/create-react-file/issues' },
21 silly publish   homepage: 'https://github.com/xiaoshuangLi/create-react-file#readme',
21 silly publish   dependencies: { 'change-case': '^3.0.1', commander: '^2.11.0' },
21 silly publish   readme: '# create-file\nUse comman line to create component or something else\n',
21 silly publish   readmeFilename: 'README.md',
21 silly publish   gitHead: '1c665f0d4698e373b4e383954f35aff756285d7c',
21 silly publish   _id: 'create-react-file@1.0.0',
21 silly publish   _shasum: '6bf70d09a66097ece63b481ea0b1a5d073824063',
21 silly publish   _from: '.' }
22 verbose getPublishConfig undefined
23 silly mapToRegistry name create-react-file
24 silly mapToRegistry using default registry
25 silly mapToRegistry registry https://registry.npmjs.org/
26 silly mapToRegistry data Result {
26 silly mapToRegistry   raw: 'create-react-file',
26 silly mapToRegistry   scope: null,
26 silly mapToRegistry   escapedName: 'create-react-file',
26 silly mapToRegistry   name: 'create-react-file',
26 silly mapToRegistry   rawSpec: '',
26 silly mapToRegistry   spec: 'latest',
26 silly mapToRegistry   type: 'tag' }
27 silly mapToRegistry uri https://registry.npmjs.org/create-react-file
28 verbose publish registryBase https://registry.npmjs.org/
29 silly publish uploading /Users/xiaoshuang/.npm/create-react-file/1.0.0/package.tgz
30 verbose request uri https://registry.npmjs.org/create-react-file
31 verbose request sending authorization for write operation
32 info attempt registry request try #1 at 20:42:55
33 verbose request using bearer token for auth
34 verbose request id 027fb62747312d53
35 http request PUT https://registry.npmjs.org/create-react-file
36 http 403 https://registry.npmjs.org/create-react-file
37 verbose headers { 'content-type': 'application/json',
37 verbose headers   'cache-control': 'max-age=300',
37 verbose headers   'content-length': '91',
37 verbose headers   'accept-ranges': 'bytes',
37 verbose headers   date: 'Mon, 20 Nov 2017 12:42:56 GMT',
37 verbose headers   via: '1.1 varnish',
37 verbose headers   connection: 'keep-alive',
37 verbose headers   'x-served-by': 'cache-hkg17926-HKG',
37 verbose headers   'x-cache': 'MISS',
37 verbose headers   'x-cache-hits': '0',
37 verbose headers   'x-timer': 'S1511181775.408222,VS0,VE858',
37 verbose headers   vary: 'Accept-Encoding, Accept' }
38 verbose request invalidating /Users/xiaoshuang/.npm/registry.npmjs.org/create-react-file on PUT
39 error publish Failed PUT 403
40 verbose stack Error: You cannot publish over the previously published version 1.0.0. : create-react-file
40 verbose stack     at makeError (/usr/local/lib/node_modules/npm/node_modules/npm-registry-client/lib/request.js:302:12)
40 verbose stack     at CachingRegistryClient.<anonymous> (/usr/local/lib/node_modules/npm/node_modules/npm-registry-client/lib/request.js:290:14)
40 verbose stack     at Request._callback (/usr/local/lib/node_modules/npm/node_modules/npm-registry-client/lib/request.js:210:14)
40 verbose stack     at Request.self.callback (/usr/local/lib/node_modules/npm/node_modules/request/request.js:187:22)
40 verbose stack     at emitTwo (events.js:106:13)
40 verbose stack     at Request.emit (events.js:191:7)
40 verbose stack     at Request.<anonymous> (/usr/local/lib/node_modules/npm/node_modules/request/request.js:1048:10)
40 verbose stack     at emitOne (events.js:96:13)
40 verbose stack     at Request.emit (events.js:188:7)
40 verbose stack     at IncomingMessage.<anonymous> (/usr/local/lib/node_modules/npm/node_modules/request/request.js:969:12)
41 verbose statusCode 403
42 verbose pkgid create-react-file
43 verbose cwd /Users/xiaoshuang/xiaoshuang/code/create-react-file
44 error Darwin 17.2.0
45 error argv "/usr/local/bin/node" "/usr/local/bin/npm" "publish"
46 error node v7.2.1
47 error npm  v3.10.10
48 error code E403
49 error You cannot publish over the previously published version 1.0.0. : create-react-file
50 error If you need help, you may report this error at:
50 error     <https://github.com/npm/npm/issues>
51 verbose exit [ 1, true ]
